<?xml version="1.0" encoding="UTF-8"?>
<!-- Generated by org.testng.reporters.JUnitReportReporter -->
<testsuite hostname="Balaji" failures="0" tests="2" name="com.johndeere.test.LoginTest" time="32.513" errors="0" timestamp="2022-05-19T11:28:17 IST" skipped="0">
  <testcase classname="com.johndeere.test.LoginTest" name="invalidCredentialTest" time="15.642"/>
  <system-out/>
  <testcase classname="com.johndeere.test.LoginTest" name="invalidCredentialTest" time="16.871"/>
  <system-out/>
</testsuite> <!-- com.johndeere.test.LoginTest -->
