<?xml version="1.0" encoding="UTF-8"?>
<!-- Generated by org.testng.reporters.JUnitReportReporter -->
<testsuite hostname="Balaji" failures="0" tests="1" name="com.johndeere.test.PatientTest" time="67.261" errors="0" timestamp="2022-05-20T11:35:53 IST" skipped="0">
  <testcase classname="com.johndeere.test.PatientTest" name="addPaitentTest" time="67.261"/>
  <system-out>
    <![CDATA[Alert text: New Due Clinical Reminders

Assessment: Tobacco

(See the Clinical Reminders widget for more details)
Added Patient Name: Medical Record Dashboard - John1 Wick]]>
  </system-out>
</testsuite> <!-- com.johndeere.test.PatientTest -->
