<?xml version="1.0" encoding="UTF-8"?>
<!-- Generated by org.testng.reporters.JUnitReportReporter -->
<testsuite hostname="Balaji" failures="0" tests="1" name="com.johndeere.labs.Demo1" time="37.044" errors="0" timestamp="2022-05-20T14:23:48 IST" skipped="0">
  <testcase classname="com.johndeere.labs.Demo1" name="validateTitle" time="37.044"/>
  <system-out/>
</testsuite> <!-- com.johndeere.labs.Demo1 -->
