<?xml version="1.0" encoding="UTF-8"?>
<!-- Generated by org.testng.reporters.JUnitReportReporter -->
<testsuite hostname="Balaji" failures="0" tests="1" name="com.johndeere.test.PatientTest" time="72.608" errors="0" timestamp="2022-05-19T10:20:42 IST" skipped="0">
  <testcase classname="com.johndeere.test.PatientTest" name="addPaitentTest" time="72.608"/>
  <system-out/>
</testsuite> <!-- com.johndeere.test.PatientTest -->
