<?xml version="1.0" encoding="UTF-8"?>
<!-- Generated by org.testng.reporters.JUnitReportReporter -->
<testsuite hostname="Balaji" failures="0" tests="1" name="com.johndeere.labs.Demo2" time="7.137" errors="0" timestamp="2022-05-20T13:34:03 IST" skipped="0">
  <testcase classname="com.johndeere.labs.Demo2" name="correctTitle" time="7.137"/>
  <system-out/>
</testsuite> <!-- com.johndeere.labs.Demo2 -->
