<?xml version="1.0" encoding="UTF-8"?>
<!-- Generated by org.testng.reporters.JUnitReportReporter -->
<testsuite hostname="Balaji" failures="0" tests="1" name="com.johndeere.test.LoginUserInterfaceTest" time="31.637" errors="0" timestamp="2022-05-18T15:44:10 IST" skipped="0">
  <testcase classname="com.johndeere.test.LoginUserInterfaceTest" name="validateTitleTest" time="31.637"/>
  <system-out/>
</testsuite> <!-- com.johndeere.test.LoginUserInterfaceTest -->
