<?xml version="1.0" encoding="UTF-8"?>
<!-- Generated by org.testng.reporters.JUnitReportReporter -->
<testsuite hostname="Balaji" failures="0" tests="2" name="com.johndeere.test.LoginTest" time="68.133" errors="0" timestamp="2022-05-18T15:13:24 IST" skipped="0">
  <testcase classname="com.johndeere.test.LoginTest" name="validCredentialTest" time="39.119"/>
  <system-out/>
  <testcase classname="com.johndeere.test.LoginTest" name="validCredentialTest" time="29.014"/>
  <system-out/>
</testsuite> <!-- com.johndeere.test.LoginTest -->
