<?xml version="1.0" encoding="UTF-8"?>
<!-- Generated by org.testng.reporters.JUnitReportReporter -->
<testsuite hostname="Balaji" failures="0" tests="1" name="com.johndeere.test.LoginTest" time="104.142" errors="0" timestamp="2022-05-20T11:17:30 IST" skipped="0">
  <testcase classname="com.johndeere.test.LoginTest" name="validCredentialTest" time="104.142"/>
  <system-out/>
</testsuite> <!-- com.johndeere.test.LoginTest -->
