<?xml version="1.0" encoding="UTF-8"?>
<!-- Generated by org.testng.reporters.JUnitReportReporter -->
<testsuite hostname="Balaji" failures="0" tests="1" name="com.johndeere.test.LoginUserInterfaceTest" time="38.954" errors="0" timestamp="2022-05-20T10:24:08 IST" skipped="0">
  <testcase classname="com.johndeere.test.LoginUserInterfaceTest" name="validateTitleTest" time="38.954"/>
  <system-out/>
</testsuite> <!-- com.johndeere.test.LoginUserInterfaceTest -->
