<?xml version="1.0" encoding="UTF-8"?>
<!-- Generated by org.testng.reporters.JUnitReportReporter -->
<testsuite hostname="Balaji" failures="0" tests="1" name="com.johndeere.test.LoginTest" time="31.823" errors="0" timestamp="2022-05-17T17:23:23 IST" skipped="0">
  <testcase classname="com.johndeere.test.LoginTest" name="validCredentialTest" time="31.823"/>
  <system-out/>
</testsuite> <!-- com.johndeere.test.LoginTest -->
