<?xml version="1.0" encoding="UTF-8"?>
<!-- Generated by org.testng.reporters.JUnitReportReporter -->
<testsuite hostname="Balaji" failures="0" tests="3" name="com.johndeere.test.Demo1Test" time="13.737" errors="0" timestamp="2022-05-18T11:46:12 IST" skipped="0">
  <testcase classname="com.johndeere.test.Demo1Test" name="validTest" time="5.324"/>
  <system-out/>
  <testcase classname="com.johndeere.test.Demo1Test" name="validTest" time="3.146"/>
  <system-out/>
  <testcase classname="com.johndeere.test.Demo1Test" name="validTest" time="5.267"/>
  <system-out/>
</testsuite> <!-- com.johndeere.test.Demo1Test -->
