<?xml version="1.0" encoding="UTF-8"?>
<!-- Generated by org.testng.reporters.JUnitReportReporter -->
<testsuite hostname="Balaji" failures="0" tests="1" name="com.johndeere.test.LoginUserInterfaceTest" time="10.821" errors="0" timestamp="2022-05-18T11:23:59 IST" skipped="0">
  <testcase classname="com.johndeere.test.LoginUserInterfaceTest" name="validateTitleTest" time="10.821"/>
  <system-out/>
</testsuite> <!-- com.johndeere.test.LoginUserInterfaceTest -->
