<?xml version="1.0" encoding="UTF-8"?>
<!-- Generated by org.testng.reporters.JUnitReportReporter -->
<testsuite hostname="Balaji" failures="0" tests="2" name="com.johndeere.test.LoginUserInterfaceTest" time="20.068" errors="0" timestamp="2022-05-18T17:14:39 IST" skipped="0">
  <testcase classname="com.johndeere.test.LoginUserInterfaceTest" name="validateTitleTest" time="10.688"/>
  <system-out/>
  <testcase classname="com.johndeere.test.LoginUserInterfaceTest" name="validateTitleTest" time="9.380"/>
  <system-out/>
</testsuite> <!-- com.johndeere.test.LoginUserInterfaceTest -->
