<?xml version="1.0" encoding="UTF-8"?>
<!-- Generated by org.testng.reporters.JUnitReportReporter -->
<testsuite hostname="Balaji" failures="0" tests="1" name="com.johndeere.test.PatientTest" time="45.642" errors="0" timestamp="2022-05-18T16:27:40 IST" skipped="0">
  <testcase classname="com.johndeere.test.PatientTest" name="addPaitentTest" time="45.642"/>
  <system-out/>
</testsuite> <!-- com.johndeere.test.PatientTest -->
