<?xml version="1.0" encoding="UTF-8"?>
<!-- Generated by org.testng.reporters.JUnitReportReporter -->
<testsuite hostname="Balaji" failures="0" tests="2" name="com.johndeere.test.LoginTest" time="34.122" errors="0" timestamp="2022-05-18T12:25:50 IST" skipped="0">
  <testcase classname="com.johndeere.test.LoginTest" name="invalidCredentialTest" time="16.063"/>
  <system-out/>
  <testcase classname="com.johndeere.test.LoginTest" name="invalidCredentialTest" time="18.059"/>
  <system-out/>
</testsuite> <!-- com.johndeere.test.LoginTest -->
